Using pre-set license
Built from '2022.3/staging' branch; Version is '2022.3.11f1 (d00248457e15) revision 13632072'; Using compiler version '192829333'; Build Type 'Release'
OS: 'Windows 10  (10.0.19045) 64bit Professional' Language: 'en' Physical Memory: 8001 MB
BatchMode: 1, IsHumanControllingUs: 0, StartBugReporterOnCrash: 0, Is64bit: 1, IsPro: 1

COMMAND LINE ARGUMENTS:
D:\Unity\2022.3.11f1\Editor\Unity.exe
-adb2
-batchMode
-noUpm
-name
AssetImportWorker0
-projectPath
D:/QuantumDelivery/Quantum Delivery
-logFile
Logs/AssetImportWorker0.log
-srvPort
54024
Successfully changed project path to: D:/QuantumDelivery/Quantum Delivery
D:/QuantumDelivery/Quantum Delivery
[UnityMemory] Configuration Parameters - Can be set up in boot.config
    "memorysetup-bucket-allocator-granularity=16"
    "memorysetup-bucket-allocator-bucket-count=8"
    "memorysetup-bucket-allocator-block-size=33554432"
    "memorysetup-bucket-allocator-block-count=8"
    "memorysetup-main-allocator-block-size=16777216"
    "memorysetup-thread-allocator-block-size=16777216"
    "memorysetup-gfx-main-allocator-block-size=16777216"
    "memorysetup-gfx-thread-allocator-block-size=16777216"
    "memorysetup-cache-allocator-block-size=4194304"
    "memorysetup-typetree-allocator-block-size=2097152"
    "memorysetup-profiler-bucket-allocator-granularity=16"
    "memorysetup-profiler-bucket-allocator-bucket-count=8"
    "memorysetup-profiler-bucket-allocator-block-size=33554432"
    "memorysetup-profiler-bucket-allocator-block-count=8"
    "memorysetup-profiler-allocator-block-size=16777216"
    "memorysetup-profiler-editor-allocator-block-size=1048576"
    "memorysetup-temp-allocator-size-main=16777216"
    "memorysetup-job-temp-allocator-block-size=2097152"
    "memorysetup-job-temp-allocator-block-size-background=1048576"
    "memorysetup-job-temp-allocator-reduction-small-platforms=262144"
    "memorysetup-allocator-temp-initial-block-size-main=262144"
    "memorysetup-allocator-temp-initial-block-size-worker=262144"
    "memorysetup-temp-allocator-size-background-worker=32768"
    "memorysetup-temp-allocator-size-job-worker=262144"
    "memorysetup-temp-allocator-size-preload-manager=33554432"
    "memorysetup-temp-allocator-size-nav-mesh-worker=65536"
    "memorysetup-temp-allocator-size-audio-worker=65536"
    "memorysetup-temp-allocator-size-cloud-worker=32768"
    "memorysetup-temp-allocator-size-gi-baking-worker=262144"
    "memorysetup-temp-allocator-size-gfx=262144"
Player connection [12340] Host "[IP] 192.168.1.107 [Port] 0 [Flags] 2 [Guid] 3694208449 [EditorId] 3694208449 [Version] 1048832 [Id] WindowsEditor(7,DESKTOP-TAGQ0IR) [Debug] 1 [PackageName] WindowsEditor [ProjectName] Editor" joined multi-casting on [225.0.0.222:54997]...

Player connection [12340] Host "[IP] 192.168.1.107 [Port] 0 [Flags] 2 [Guid] 3694208449 [EditorId] 3694208449 [Version] 1048832 [Id] WindowsEditor(7,DESKTOP-TAGQ0IR) [Debug] 1 [PackageName] WindowsEditor [ProjectName] Editor" joined alternative multi-casting on [225.0.0.222:34997]...

[Physics::Module] Initialized MultithreadedJobDispatcher with 7 workers.
Refreshing native plugins compatible for Editor in 105.42 ms, found 3 plugins.
Preloading 0 native plugins for Editor in 0.00 ms.
Initialize engine version: 2022.3.11f1 (d00248457e15)
[Subsystems] Discovering subsystems at path D:/Unity/2022.3.11f1/Editor/Data/Resources/UnitySubsystems
[Subsystems] Discovering subsystems at path D:/QuantumDelivery/Quantum Delivery/Assets
GfxDevice: creating device client; threaded=0; jobified=0
Direct3D:
    Version:  Direct3D 11.0 [level 11.1]
    Renderer: NVIDIA GeForce MX250 (ID=0x1d13)
    Vendor:   NVIDIA
    VRAM:     1983 MB
    Driver:   30.0.15.1169
Initialize mono
Mono path[0] = 'D:/Unity/2022.3.11f1/Editor/Data/Managed'
Mono path[1] = 'D:/Unity/2022.3.11f1/Editor/Data/MonoBleedingEdge/lib/mono/unityjit-win32'
Mono config path = 'D:/Unity/2022.3.11f1/Editor/Data/MonoBleedingEdge/etc'
Using monoOptions --debugger-agent=transport=dt_socket,embedding=1,server=y,suspend=n,address=127.0.0.1:56776
Begin MonoManager ReloadAssembly
Registering precompiled unity dll's ...
Register platform support module: D:/Unity/2022.3.11f1/Editor/Data/PlaybackEngines/WindowsStandaloneSupport/UnityEditor.WindowsStandalone.Extensions.dll
Registered in 0.035100 seconds.
- Loaded All Assemblies, in  3.559 seconds
Native extension for WindowsStandalone target not found
Mono: successfully reloaded assembly
- Finished resetting the current domain, in  2.541 seconds
Domain Reload Profiling: 6101ms
	BeginReloadAssembly (954ms)
		ExecutionOrderSort (0ms)
		DisableScriptedObjects (0ms)
		BackupInstance (0ms)
		ReleaseScriptingObjects (0ms)
		CreateAndSetChildDomain (4ms)
	RebuildCommonClasses (380ms)
	RebuildNativeTypeToScriptingClass (108ms)
	initialDomainReloadingComplete (717ms)
	LoadAllAssembliesAndSetupDomain (1397ms)
		LoadAssemblies (956ms)
		RebuildTransferFunctionScriptingTraits (0ms)
		AnalyzeDomain (1377ms)
			TypeCache.Refresh (1369ms)
				TypeCache.ScanAssembly (1246ms)
			ScanForSourceGeneratedMonoScriptInfo (2ms)
			ResolveRequiredComponents (4ms)
	FinalizeReload (2545ms)
		ReleaseScriptCaches (0ms)
		RebuildScriptCaches (0ms)
		SetupLoadedEditorAssemblies (1934ms)
			LogAssemblyErrors (0ms)
			InitializePlatformSupportModulesInManaged (78ms)
			SetLoadedEditorAssemblies (77ms)
			RefreshPlugins (0ms)
			BeforeProcessingInitializeOnLoad (35ms)
			ProcessInitializeOnLoadAttributes (1366ms)
			ProcessInitializeOnLoadMethodAttributes (377ms)
			AfterProcessingInitializeOnLoad (0ms)
			EditorAssembliesLoaded (0ms)
		ExecutionOrderSort2 (0ms)
		AwakeInstancesAfterBackupRestoration (0ms)
========================================================================
Worker process is ready to serve import requests
Begin MonoManager ReloadAssembly
- Loaded All Assemblies, in  4.967 seconds
Refreshing native plugins compatible for Editor in 19.93 ms, found 3 plugins.
Native extension for WindowsStandalone target not found
Package Manager log level set to [2]
[Package Manager] Server::EnsureServerProcessIsRunning -- launch failed, reason: Unity was launched with the -noUpm command-line argument
[Package Manager] UpmClient::Send -- Unable to send message (not connected to UPM process).
[Package Manager] Cannot connect to Unity Package Manager local server
Mono: successfully reloaded assembly
- Finished resetting the current domain, in  4.959 seconds
Domain Reload Profiling: 9923ms
	BeginReloadAssembly (972ms)
		ExecutionOrderSort (0ms)
		DisableScriptedObjects (65ms)
		BackupInstance (0ms)
		ReleaseScriptingObjects (1ms)
		CreateAndSetChildDomain (113ms)
	RebuildCommonClasses (264ms)
	RebuildNativeTypeToScriptingClass (94ms)
	initialDomainReloadingComplete (294ms)
	LoadAllAssembliesAndSetupDomain (3336ms)
		LoadAssemblies (1964ms)
		RebuildTransferFunctionScriptingTraits (0ms)
		AnalyzeDomain (1915ms)
			TypeCache.Refresh (1773ms)
				TypeCache.ScanAssembly (1634ms)
			ScanForSourceGeneratedMonoScriptInfo (94ms)
			ResolveRequiredComponents (35ms)
	FinalizeReload (4963ms)
		ReleaseScriptCaches (0ms)
		RebuildScriptCaches (0ms)
		SetupLoadedEditorAssemblies (3617ms)
			LogAssemblyErrors (0ms)
			InitializePlatformSupportModulesInManaged (54ms)
			SetLoadedEditorAssemblies (28ms)
			RefreshPlugins (0ms)
			BeforeProcessingInitializeOnLoad (399ms)
			ProcessInitializeOnLoadAttributes (2901ms)
			ProcessInitializeOnLoadMethodAttributes (193ms)
			AfterProcessingInitializeOnLoad (30ms)
			EditorAssembliesLoaded (11ms)
		ExecutionOrderSort2 (0ms)
		AwakeInstancesAfterBackupRestoration (65ms)
Launched and connected shader compiler UnityShaderCompiler.exe after 0.29 seconds
Refreshing native plugins compatible for Editor in 9.16 ms, found 3 plugins.
Preloading 0 native plugins for Editor in 0.00 ms.
Unloading 3097 Unused Serialized files (Serialized files now loaded: 0)
Unloading 32 unused Assets / (57.0 KB). Loaded Objects now: 3559.
Memory consumption went from 125.0 MB to 125.0 MB.
Total: 26.444600 ms (FindLiveObjects: 7.067400 ms CreateObjectMapping: 0.723500 ms MarkObjects: 17.922800 ms  DeleteObjects: 0.724300 ms)

AssetImportParameters requested are different than current active one (requested -> active):
  custom:container-demuxer-ogg: 62fdf1f143b41e24485cea50d1cbac27 -> 
  custom:video-decoder-ogg-theora: a1e56fd34408186e4bbccfd4996cb3dc -> 
  custom:framework-win-MediaFoundation: 216162199b28c13a410421893ffa2e32 -> 
  custom:CustomObjectIndexerAttribute: 756ad292c208cfabdd7b50bc23989ffe -> 
  custom:container-demuxer-webm: 4f35f7cbe854078d1ac9338744f61a02 -> 
  custom:container-muxer-webm: aa71ff27fc2769a1b78a27578f13a17b -> 
  custom:video-decoder-webm-vp8: 9c59270c3fd7afecdb556c50c9e8de78 -> 
  custom:SearchIndexIgnoredProperties: e643bd26f0fe6173181afceb89e7c659 -> 
  custom:AudioImporter_EditorPlatform: d09bf68614088b80899f8185d706f6e7 -> 
  custom:video-encoder-webm-vp8: eb34c28f22e8b96e1ab97ce403110664 -> 
  custom:audio-decoder-ogg-vorbis: bf7c407c2cedff20999df2af8eb42d56 -> 
  custom:audio-encoder-webm-vorbis: bf7c407c2cedff20999df2af8eb42d56 -> 
========================================================================
Received Import Request.
  Time since last request: 94327.432159 seconds.
  path: Assets/Prefabs/Bridge.prefab
  artifactKey: Guid(2e3c1f919f027f940b6fb9175f4db691) Importer(815301076,1909f56bfc062723c751e8b465ee728b)
Start importing Assets/Prefabs/Bridge.prefab using Guid(2e3c1f919f027f940b6fb9175f4db691) Importer(815301076,1909f56bfc062723c751e8b465ee728b)  -> (artifact id: '28036d5b60b843202f54beea470ab31a') in 0.294713 seconds
Number of updated asset objects reloaded before import = 0
Number of asset objects unloaded after import = 17
========================================================================
Received Import Request.
  Time since last request: 1462.168859 seconds.
  path: Assets/Buildings/Panos
  artifactKey: Guid(ee5b74e85541374499cd4ab36a748358) Importer(815301076,1909f56bfc062723c751e8b465ee728b)
Start importing Assets/Buildings/Panos using Guid(ee5b74e85541374499cd4ab36a748358) Importer(815301076,1909f56bfc062723c751e8b465ee728b)  -> (artifact id: '568e1cd66d6b3d906c0abee9e67f8d4d') in 0.001199 seconds
Number of updated asset objects reloaded before import = 0
Number of asset objects unloaded after import = 0
========================================================================
Received Import Request.
  Time since last request: 0.070020 seconds.
  path: Assets/Buildings/Panos/supermarket_sign.png
  artifactKey: Guid(0924f3aa47dcad841a7cbdf971ed714f) Importer(815301076,1909f56bfc062723c751e8b465ee728b)
Start importing Assets/Buildings/Panos/supermarket_sign.png using Guid(0924f3aa47dcad841a7cbdf971ed714f) Importer(815301076,1909f56bfc062723c751e8b465ee728b)  -> (artifact id: '0d26e8528711c1e840938f0c4944f041') in 0.073399 seconds
Number of updated asset objects reloaded before import = 0
Number of asset objects unloaded after import = 2
========================================================================
Received Import Request.
  Time since last request: 14.092587 seconds.
  path: Assets/Buildings/Panos/supermarket_sign.png
  artifactKey: Guid(0924f3aa47dcad841a7cbdf971ed714f) Importer(815301076,1909f56bfc062723c751e8b465ee728b)
Start importing Assets/Buildings/Panos/supermarket_sign.png using Guid(0924f3aa47dcad841a7cbdf971ed714f) Importer(815301076,1909f56bfc062723c751e8b465ee728b)  -> (artifact id: '5ac8740200b1cb5e2cd66c2642f56633') in 0.056006 seconds
Number of updated asset objects reloaded before import = 0
Number of asset objects unloaded after import = 3
========================================================================
Received Import Request.
  Time since last request: 496.383472 seconds.
  path: Assets/Buildings/Panos/restoransign.png
  artifactKey: Guid(ad6f082121911124b9e3001bbaf6f219) Importer(815301076,1909f56bfc062723c751e8b465ee728b)
Start importing Assets/Buildings/Panos/restoransign.png using Guid(ad6f082121911124b9e3001bbaf6f219) Importer(815301076,1909f56bfc062723c751e8b465ee728b)  -> (artifact id: '3d4ac1ff56792f1c6f8f30d06264dcc4') in 0.053631 seconds
Number of updated asset objects reloaded before import = 0
Number of asset objects unloaded after import = 2
========================================================================
Received Import Request.
  Time since last request: 4.334768 seconds.
  path: Assets/Buildings/Panos/restoransign.png
  artifactKey: Guid(ad6f082121911124b9e3001bbaf6f219) Importer(815301076,1909f56bfc062723c751e8b465ee728b)
Start importing Assets/Buildings/Panos/restoransign.png using Guid(ad6f082121911124b9e3001bbaf6f219) Importer(815301076,1909f56bfc062723c751e8b465ee728b)  -> (artifact id: '9d60d5aff3dd7bfd2f68416211d07884') in 0.046331 seconds
Number of updated asset objects reloaded before import = 0
Number of asset objects unloaded after import = 3
========================================================================
Received Import Request.
  Time since last request: 647.356840 seconds.
  path: Assets/Buildings/Panos/pharmacysign.png
  artifactKey: Guid(c09c30233dbf930428fd053850f93503) Importer(815301076,1909f56bfc062723c751e8b465ee728b)
Start importing Assets/Buildings/Panos/pharmacysign.png using Guid(c09c30233dbf930428fd053850f93503) Importer(815301076,1909f56bfc062723c751e8b465ee728b)  -> (artifact id: 'e6f7113d9c1cd3d4298bea079844855d') in 0.067939 seconds
Number of updated asset objects reloaded before import = 0
Number of asset objects unloaded after import = 2
========================================================================
Received Import Request.
  Time since last request: 3.701373 seconds.
  path: Assets/Buildings/Panos/pharmacysign.png
  artifactKey: Guid(c09c30233dbf930428fd053850f93503) Importer(815301076,1909f56bfc062723c751e8b465ee728b)
Start importing Assets/Buildings/Panos/pharmacysign.png using Guid(c09c30233dbf930428fd053850f93503) Importer(815301076,1909f56bfc062723c751e8b465ee728b)  -> (artifact id: '6d06a33383c65badd86a2666192c58c4') in 0.039735 seconds
Number of updated asset objects reloaded before import = 0
Number of asset objects unloaded after import = 3
========================================================================
Received Import Request.
  Time since last request: 422.024035 seconds.
  path: Assets/Buildings/Panos/grocerysign.png
  artifactKey: Guid(7cd8aa04f2181cf49939849067f5a07f) Importer(815301076,1909f56bfc062723c751e8b465ee728b)
Start importing Assets/Buildings/Panos/grocerysign.png using Guid(7cd8aa04f2181cf49939849067f5a07f) Importer(815301076,1909f56bfc062723c751e8b465ee728b)  -> (artifact id: 'b1502d6478adabedb8868a31de6e45fa') in 0.058006 seconds
Number of updated asset objects reloaded before import = 0
Number of asset objects unloaded after import = 2
========================================================================
Received Import Request.
  Time since last request: 5.235046 seconds.
  path: Assets/Buildings/Panos/grocerysign.png
  artifactKey: Guid(7cd8aa04f2181cf49939849067f5a07f) Importer(815301076,1909f56bfc062723c751e8b465ee728b)
Start importing Assets/Buildings/Panos/grocerysign.png using Guid(7cd8aa04f2181cf49939849067f5a07f) Importer(815301076,1909f56bfc062723c751e8b465ee728b)  -> (artifact id: 'bc4cdc9d3a670c8c414db7219b97d96c') in 0.034811 seconds
Number of updated asset objects reloaded before import = 0
Number of asset objects unloaded after import = 3
========================================================================
Received Import Request.
  Time since last request: 311.720073 seconds.
  path: Assets/Buildings/Panos/petsign.png
  artifactKey: Guid(4d3507da9c0484a42a1c54190406168a) Importer(815301076,1909f56bfc062723c751e8b465ee728b)
Start importing Assets/Buildings/Panos/petsign.png using Guid(4d3507da9c0484a42a1c54190406168a) Importer(815301076,1909f56bfc062723c751e8b465ee728b)  -> (artifact id: '26e22f2b7a442f54f58d5127c5d73484') in 0.052978 seconds
Number of updated asset objects reloaded before import = 0
Number of asset objects unloaded after import = 2
========================================================================
Received Import Request.
  Time since last request: 7.496825 seconds.
  path: Assets/Buildings/Panos/petsign.png
  artifactKey: Guid(4d3507da9c0484a42a1c54190406168a) Importer(815301076,1909f56bfc062723c751e8b465ee728b)
Start importing Assets/Buildings/Panos/petsign.png using Guid(4d3507da9c0484a42a1c54190406168a) Importer(815301076,1909f56bfc062723c751e8b465ee728b)  -> (artifact id: 'bc26852c7a9cd577ea634dc3c5bc22a7') in 0.034947 seconds
Number of updated asset objects reloaded before import = 0
Number of asset objects unloaded after import = 3
========================================================================
Received Import Request.
  Time since last request: 188.946084 seconds.
  path: Assets/Buildings/Panos/techsign.png
  artifactKey: Guid(b1f9ac28db730d04a8a80016bb5d9485) Importer(815301076,1909f56bfc062723c751e8b465ee728b)
Start importing Assets/Buildings/Panos/techsign.png using Guid(b1f9ac28db730d04a8a80016bb5d9485) Importer(815301076,1909f56bfc062723c751e8b465ee728b)  -> (artifact id: '03567279c414d3f3d3422b70c04a4c3c') in 0.045765 seconds
Number of updated asset objects reloaded before import = 0
Number of asset objects unloaded after import = 2
========================================================================
Received Import Request.
  Time since last request: 3.417190 seconds.
  path: Assets/Buildings/Panos/techsign.png
  artifactKey: Guid(b1f9ac28db730d04a8a80016bb5d9485) Importer(815301076,1909f56bfc062723c751e8b465ee728b)
Start importing Assets/Buildings/Panos/techsign.png using Guid(b1f9ac28db730d04a8a80016bb5d9485) Importer(815301076,1909f56bfc062723c751e8b465ee728b)  -> (artifact id: '8c8bdf957dd3a7c780a8f3dee51fea3e') in 0.031381 seconds
Number of updated asset objects reloaded before import = 0
Number of asset objects unloaded after import = 3
========================================================================
Received Import Request.
  Time since last request: 137.500561 seconds.
  path: Assets/Buildings/Panos/butcher_sign.png
  artifactKey: Guid(a5b8da2d73dfeb04da21b37749212a64) Importer(815301076,1909f56bfc062723c751e8b465ee728b)
Start importing Assets/Buildings/Panos/butcher_sign.png using Guid(a5b8da2d73dfeb04da21b37749212a64) Importer(815301076,1909f56bfc062723c751e8b465ee728b)  -> (artifact id: 'aca15d06bf752bbd553d4e043fded87a') in 0.053831 seconds
Number of updated asset objects reloaded before import = 0
Number of asset objects unloaded after import = 2
========================================================================
Received Import Request.
  Time since last request: 7.480595 seconds.
  path: Assets/Buildings/Panos/butcher_sign.png
  artifactKey: Guid(a5b8da2d73dfeb04da21b37749212a64) Importer(815301076,1909f56bfc062723c751e8b465ee728b)
Start importing Assets/Buildings/Panos/butcher_sign.png using Guid(a5b8da2d73dfeb04da21b37749212a64) Importer(815301076,1909f56bfc062723c751e8b465ee728b)  -> (artifact id: 'fd93b2eeb20f8daaa78603dceedd6b5e') in 0.036243 seconds
Number of updated asset objects reloaded before import = 0
Number of asset objects unloaded after import = 3
========================================================================
Received Import Request.
  Time since last request: 430.590011 seconds.
  path: Assets/Buildings/Panos/Bolt_icon.png
  artifactKey: Guid(87ecbbb115a18394ba26a595690f91e5) Importer(815301076,1909f56bfc062723c751e8b465ee728b)
Start importing Assets/Buildings/Panos/Bolt_icon.png using Guid(87ecbbb115a18394ba26a595690f91e5) Importer(815301076,1909f56bfc062723c751e8b465ee728b)  -> (artifact id: '4565acda5f77e9b8dd4cb84f1514d25a') in 0.073368 seconds
Number of updated asset objects reloaded before import = 0
Number of asset objects unloaded after import = 2
========================================================================
Received Import Request.
  Time since last request: 4.072567 seconds.
  path: Assets/Buildings/Panos/Bolt_icon.png
  artifactKey: Guid(87ecbbb115a18394ba26a595690f91e5) Importer(815301076,1909f56bfc062723c751e8b465ee728b)
Start importing Assets/Buildings/Panos/Bolt_icon.png using Guid(87ecbbb115a18394ba26a595690f91e5) Importer(815301076,1909f56bfc062723c751e8b465ee728b)  -> (artifact id: '1b5bafb446d0ac9c97e38c39777311ab') in 0.043624 seconds
Number of updated asset objects reloaded before import = 0
Number of asset objects unloaded after import = 3
========================================================================
Received Import Request.
  Time since last request: 5.598630 seconds.
  path: Assets/Buildings/Panos/UI_SCREEN.png
  artifactKey: Guid(4448d741a4467f747841f3c1806c692f) Importer(815301076,1909f56bfc062723c751e8b465ee728b)
Start importing Assets/Buildings/Panos/UI_SCREEN.png using Guid(4448d741a4467f747841f3c1806c692f) Importer(815301076,1909f56bfc062723c751e8b465ee728b)  -> (artifact id: '0e9820464ed0eec84735840d6c8a32de') in 0.027525 seconds
Number of updated asset objects reloaded before import = 0
Number of asset objects unloaded after import = 3
